<?xml version="1.0" encoding="UTF-8"?>
<!-- Generated by org.testng.reporters.JUnitReportReporter -->
<testsuite hostname="DESKTOP-L008IRS" failures="0" tests="1" name="testNGLearning.VerifyTitle2" time="5.559" errors="0" timestamp="2024-05-17T17:02:12 IST" skipped="0">
  <testcase classname="testNGLearning.VerifyTitle2" name="titleTest" time="5.559"/>
  <system-out/>
</testsuite> <!-- testNGLearning.VerifyTitle2 -->
