<?xml version="1.0" encoding="UTF-8"?>
<!-- Generated by org.testng.reporters.JUnitReportReporter -->
<testsuite hostname="DESKTOP-L008IRS" failures="0" tests="1" name="testNGLearning.VerifyTitle" time="3.501" errors="0" timestamp="2024-05-17T17:02:12 IST" skipped="0">
  <testcase classname="testNGLearning.VerifyTitle" name="titleTest" time="3.501"/>
  <system-out/>
</testsuite> <!-- testNGLearning.VerifyTitle -->
