<?xml version="1.0" encoding="UTF-8"?>
<!-- Generated by org.testng.reporters.JUnitReportReporter -->
<testsuite hostname="DESKTOP-L008IRS" failures="0" tests="2" name="seleniumlearning.testcasesWriting" time="0.018" errors="0" timestamp="2024-05-22T18:16:42 IST" skipped="0">
  <testcase classname="seleniumlearning.testcasesWriting" name="Logout" time="0.012"/>
  <system-out/>
  <testcase classname="seleniumlearning.testcasesWriting" name="Login" time="0.006"/>
  <system-out/>
</testsuite> <!-- seleniumlearning.testcasesWriting -->
